<?xml version="1.0" encoding="UTF-8"?>
<!-- Generated by org.testng.reporters.JUnitReportReporter -->
<testsuite hostname="Anup" failures="0" tests="4" name="TestNg.testNG_attributes" time="0.065" errors="0" timestamp="2026-02-25T15:24:59 IST" skipped="0">
  <testcase classname="TestNg.testNG_attributes" name="home" time="0.006"/>
  <testcase classname="TestNg.testNG_attributes" name="test" time="0.030"/>
  <testcase classname="TestNg.testNG_attributes" name="login" time="0.007"/>
  <testcase classname="TestNg.testNG_attributes" name="show" time="0.022"/>
</testsuite> <!-- TestNg.testNG_attributes -->
